# JRE version: Java(TM) SE Runtime Environment (16.0+36) (build 16+36-2231)
# Java VM: Java HotSpot(TM) 64-Bit Server VM (16+36-2231, mixed mode, sharing, tiered, compressed oops, g1 gc, windows-amd64)
GC Precious Log:
 CPUs: 8 total, 8 available
 Memory: 6021M
 Large Page Support: Disabled
 NUMA Support: Disabled
 Compressed Oops: Enabled (32-bit)
 Heap Region Size: 1M
 Heap Min Capacity: 8M
 Heap Initial Capacity: 96M
 Heap Max Capacity: 1506M
 Pre-touch: Disabled
 Parallel Workers: 8
 Concurrent Workers: 2
 Concurrent Refinement Workers: 8
 Periodic GC: Disabled
Heap:
 garbage-first heap   total 78848K, used 38260K [0x00000000a1e00000, 0x0000000100000000)
  region size 1024K, 4 young (4096K), 4 survivors (4096K)
 Metaspace       used 26373K, committed 26688K, reserved 1073152K
  class space    used 2942K, committed 3072K, reserved 1048576K
GC Heap History (19 events):
Event: 0.964 GC heap before
{Heap before GC invocations=0 (full 0):
 garbage-first heap   total 98304K, used 22528K [0x00000000a1e00000, 0x0000000100000000)
  region size 1024K, 23 young (23552K), 0 survivors (0K)
 Metaspace       used 5645K, committed 5824K, reserved 1056768K
  class space    used 652K, committed 768K, reserved 1048576K
}
Event: 0.972 GC heap after
{Heap after GC invocations=1 (full 0):
 garbage-first heap   total 98304K, used 3766K [0x00000000a1e00000, 0x0000000100000000)
  region size 1024K, 3 young (3072K), 3 survivors (3072K)
 Metaspace       used 5645K, committed 5824K, reserved 1056768K
  class space    used 652K, committed 768K, reserved 1048576K
}
Event: 1.684 GC heap before
{Heap before GC invocations=1 (full 0):
 garbage-first heap   total 98304K, used 34486K [0x00000000a1e00000, 0x0000000100000000)
  region size 1024K, 33 young (33792K), 3 survivors (3072K)
 Metaspace       used 9319K, committed 9472K, reserved 1064960K
  class space    used 1101K, committed 1152K, reserved 1048576K
}
Event: 1.693 GC heap after
{Heap after GC invocations=2 (full 0):
 garbage-first heap   total 98304K, used 5206K [0x00000000a1e00000, 0x0000000100000000)
  region size 1024K, 2 young (2048K), 2 survivors (2048K)
 Metaspace       used 9319K, committed 9472K, reserved 1064960K
  class space    used 1101K, committed 1152K, reserved 1048576K
}
Event: 3.550 GC heap before
{Heap before GC invocations=2 (full 0):
 garbage-first heap   total 98304K, used 61526K [0x00000000a1e00000, 0x0000000100000000)
  region size 1024K, 57 young (58368K), 2 survivors (2048K)
 Metaspace       used 15554K, committed 15808K, reserved 1064960K
  class space    used 1812K, committed 1920K, reserved 1048576K
}
Event: 3.564 GC heap after
{Heap after GC invocations=3 (full 0):
 garbage-first heap   total 98304K, used 11077K [0x00000000a1e00000, 0x0000000100000000)
  region size 1024K, 8 young (8192K), 8 survivors (8192K)
 Metaspace       used 15554K, committed 15808K, reserved 1064960K
  class space    used 1812K, committed 1920K, reserved 1048576K
}
Event: 4.648 GC heap before
{Heap before GC invocations=3 (full 0):
 garbage-first heap   total 98304K, used 61253K [0x00000000a1e00000, 0x0000000100000000)
  region size 1024K, 57 young (58368K), 8 survivors (8192K)
 Metaspace       used 16191K, committed 16448K, reserved 1064960K
  class space    used 1836K, committed 1920K, reserved 1048576K
}
Event: 4.667 GC heap after
{Heap after GC invocations=4 (full 0):
 garbage-first heap   total 98304K, used 17149K [0x00000000a1e00000, 0x0000000100000000)
  region size 1024K, 6 young (6144K), 6 survivors (6144K)
 Metaspace       used 16191K, committed 16448K, reserved 1064960K
  class space    used 1836K, committed 1920K, reserved 1048576K
}
Event: 6.373 GC heap before
{Heap before GC invocations=4 (full 0):
 garbage-first heap   total 98304K, used 68349K [0x00000000a1e00000, 0x0000000100000000)
  region size 1024K, 56 young (57344K), 6 survivors (6144K)
 Metaspace       used 17285K, committed 17472K, reserved 1064960K
  class space    used 1923K, committed 1984K, reserved 1048576K
}
Event: 6.386 GC heap after
{Heap after GC invocations=5 (full 0):
 garbage-first heap   total 98304K, used 19968K [0x00000000a1e00000, 0x0000000100000000)
  region size 1024K, 4 young (4096K), 4 survivors (4096K)
 Metaspace       used 17285K, committed 17472K, reserved 1064960K
  class space    used 1923K, committed 1984K, reserved 1048576K
}
Event: 6.929 GC heap before
{Heap before GC invocations=5 (full 0):
 garbage-first heap   total 98304K, used 71168K [0x00000000a1e00000, 0x0000000100000000)
  region size 1024K, 54 young (55296K), 4 survivors (4096K)
 Metaspace       used 20019K, committed 20352K, reserved 1073152K
  class space    used 2214K, committed 2368K, reserved 1048576K
}
Event: 6.936 GC heap after
{Heap after GC invocations=6 (full 0):
 garbage-first heap   total 98304K, used 22286K [0x00000000a1e00000, 0x0000000100000000)
  region size 1024K, 5 young (5120K), 5 survivors (5120K)
 Metaspace       used 20019K, committed 20352K, reserved 1073152K
  class space    used 2214K, committed 2368K, reserved 1048576K
}
Event: 7.296 GC heap before
{Heap before GC invocations=6 (full 0):
 garbage-first heap   total 98304K, used 44814K [0x00000000a1e00000, 0x0000000100000000)
  region size 1024K, 28 young (28672K), 5 survivors (5120K)
 Metaspace       used 20994K, committed 21248K, reserved 1073152K
  class space    used 2366K, committed 2496K, reserved 1048576K
}
Event: 7.303 GC heap after
{Heap after GC invocations=7 (full 0):
 garbage-first heap   total 98304K, used 21717K [0x00000000a1e00000, 0x0000000100000000)
  region size 1024K, 2 young (2048K), 2 survivors (2048K)
 Metaspace       used 20994K, committed 21248K, reserved 1073152K
  class space    used 2366K, committed 2496K, reserved 1048576K
}
Event: 7.668 GC heap before
{Heap before GC invocations=8 (full 0):
 garbage-first heap   total 78848K, used 66773K [0x00000000a1e00000, 0x0000000100000000)
  region size 1024K, 46 young (47104K), 2 survivors (2048K)
 Metaspace       used 25665K, committed 25984K, reserved 1073152K
  class space    used 2873K, committed 3008K, reserved 1048576K
}
Event: 7.675 GC heap after
{Heap after GC invocations=9 (full 0):
 garbage-first heap   total 78848K, used 25822K [0x00000000a1e00000, 0x0000000100000000)
  region size 1024K, 5 young (5120K), 5 survivors (5120K)
 Metaspace       used 25665K, committed 25984K, reserved 1073152K
  class space    used 2873K, committed 3008K, reserved 1048576K
}
Event: 8.104 GC heap before
{Heap before GC invocations=10 (full 0):
 garbage-first heap   total 78848K, used 61662K [0x00000000a1e00000, 0x0000000100000000)
  region size 1024K, 41 young (41984K), 5 survivors (5120K)
 Metaspace       used 25728K, committed 26048K, reserved 1073152K
  class space    used 2874K, committed 3008K, reserved 1048576K
}
Event: 8.114 GC heap after
{Heap after GC invocations=11 (full 0):
 garbage-first heap   total 78848K, used 33691K [0x00000000a1e00000, 0x0000000100000000)
  region size 1024K, 6 young (6144K), 6 survivors (6144K)
 Metaspace       used 25728K, committed 26048K, reserved 1073152K
  class space    used 2874K, committed 3008K, reserved 1048576K
}
Event: 8.504 GC heap before
{Heap before GC invocations=11 (full 0):
 garbage-first heap   total 78848K, used 59291K [0x00000000a1e00000, 0x0000000100000000)
  region size 1024K, 31 young (31744K), 6 survivors (6144K)
 Metaspace       used 26373K, committed 26688K, reserved 1073152K
  class space    used 2942K, committed 3072K, reserved 1048576K
}

