# JRE version: Java(TM) SE Runtime Environment (16.0+36) (build 16+36-2231)
# Java VM: Java HotSpot(TM) 64-Bit Server VM (16+36-2231, mixed mode, sharing, tiered, compressed oops, g1 gc, windows-amd64)
GC Precious Log:
 CPUs: 8 total, 8 available
 Memory: 6021M
 Large Page Support: Disabled
 NUMA Support: Disabled
 Compressed Oops: Enabled (32-bit)
 Heap Region Size: 1M
 Heap Min Capacity: 8M
 Heap Initial Capacity: 96M
 Heap Max Capacity: 1506M
 Pre-touch: Disabled
 Parallel Workers: 8
 Concurrent Workers: 2
 Concurrent Refinement Workers: 8
 Periodic GC: Disabled
Heap:
 garbage-first heap   total 98304K, used 61939K [0x00000000a1e00000, 0x0000000100000000)
  region size 1024K, 15 young (15360K), 1 survivors (1024K)
 Metaspace       used 35218K, committed 35712K, reserved 1081344K
  class space    used 4006K, committed 4224K, reserved 1048576K
GC Heap History (20 events):
Event: 8.929 GC heap before
{Heap before GC invocations=6 (full 0):
 garbage-first heap   total 98304K, used 45810K [0x00000000a1e00000, 0x0000000100000000)
  region size 1024K, 29 young (29696K), 5 survivors (5120K)
 Metaspace       used 20952K, committed 21248K, reserved 1073152K
  class space    used 2366K, committed 2496K, reserved 1048576K
}
Event: 8.937 GC heap after
{Heap after GC invocations=7 (full 0):
 garbage-first heap   total 98304K, used 21475K [0x00000000a1e00000, 0x0000000100000000)
  region size 1024K, 2 young (2048K), 2 survivors (2048K)
 Metaspace       used 20952K, committed 21248K, reserved 1073152K
  class space    used 2366K, committed 2496K, reserved 1048576K
}
Event: 9.342 GC heap before
{Heap before GC invocations=8 (full 0):
 garbage-first heap   total 75776K, used 64483K [0x00000000a1e00000, 0x0000000100000000)
  region size 1024K, 44 young (45056K), 2 survivors (2048K)
 Metaspace       used 25645K, committed 25984K, reserved 1073152K
  class space    used 2876K, committed 3072K, reserved 1048576K
}
Event: 9.350 GC heap after
{Heap after GC invocations=9 (full 0):
 garbage-first heap   total 75776K, used 26056K [0x00000000a1e00000, 0x0000000100000000)
  region size 1024K, 6 young (6144K), 6 survivors (6144K)
 Metaspace       used 25645K, committed 25984K, reserved 1073152K
  class space    used 2876K, committed 3072K, reserved 1048576K
}
Event: 9.952 GC heap before
{Heap before GC invocations=10 (full 0):
 garbage-first heap   total 75776K, used 58824K [0x00000000a1e00000, 0x0000000100000000)
  region size 1024K, 39 young (39936K), 6 survivors (6144K)
 Metaspace       used 25705K, committed 26112K, reserved 1073152K
  class space    used 2876K, committed 3072K, reserved 1048576K
}
Event: 9.966 GC heap after
{Heap after GC invocations=11 (full 0):
 garbage-first heap   total 75776K, used 34050K [0x00000000a1e00000, 0x0000000100000000)
  region size 1024K, 5 young (5120K), 5 survivors (5120K)
 Metaspace       used 25705K, committed 26112K, reserved 1073152K
  class space    used 2876K, committed 3072K, reserved 1048576K
}
Event: 10.545 GC heap before
{Heap before GC invocations=11 (full 0):
 garbage-first heap   total 75776K, used 56578K [0x00000000a1e00000, 0x0000000100000000)
  region size 1024K, 27 young (27648K), 5 survivors (5120K)
 Metaspace       used 26196K, committed 26560K, reserved 1073152K
  class space    used 2930K, committed 3072K, reserved 1048576K
}
Event: 10.552 GC heap after
{Heap after GC invocations=12 (full 0):
 garbage-first heap   total 75776K, used 37746K [0x00000000a1e00000, 0x0000000100000000)
  region size 1024K, 4 young (4096K), 4 survivors (4096K)
 Metaspace       used 26196K, committed 26560K, reserved 1073152K
  class space    used 2930K, committed 3072K, reserved 1048576K
}
Event: 10.927 GC heap before
{Heap before GC invocations=12 (full 0):
 garbage-first heap   total 75776K, used 56178K [0x00000000a1e00000, 0x0000000100000000)
  region size 1024K, 23 young (23552K), 4 survivors (4096K)
 Metaspace       used 27183K, committed 27520K, reserved 1081344K
  class space    used 3014K, committed 3136K, reserved 1048576K
}
Event: 10.936 GC heap after
{Heap after GC invocations=13 (full 0):
 garbage-first heap   total 91136K, used 41413K [0x00000000a1e00000, 0x0000000100000000)
  region size 1024K, 3 young (3072K), 3 survivors (3072K)
 Metaspace       used 27183K, committed 27520K, reserved 1081344K
  class space    used 3014K, committed 3136K, reserved 1048576K
}
Event: 11.537 GC heap before
{Heap before GC invocations=13 (full 0):
 garbage-first heap   total 91136K, used 67013K [0x00000000a1e00000, 0x0000000100000000)
  region size 1024K, 29 young (29696K), 3 survivors (3072K)
 Metaspace       used 28567K, committed 28928K, reserved 1081344K
  class space    used 3191K, committed 3328K, reserved 1048576K
}
Event: 11.543 GC heap after
{Heap after GC invocations=14 (full 0):
 garbage-first heap   total 91136K, used 42465K [0x00000000a1e00000, 0x0000000100000000)
  region size 1024K, 1 young (1024K), 1 survivors (1024K)
 Metaspace       used 28567K, committed 28928K, reserved 1081344K
  class space    used 3191K, committed 3328K, reserved 1048576K
}
Event: 11.726 GC heap before
{Heap before GC invocations=14 (full 0):
 garbage-first heap   total 91136K, used 59873K [0x00000000a1e00000, 0x0000000100000000)
  region size 1024K, 19 young (19456K), 1 survivors (1024K)
 Metaspace       used 29204K, committed 29568K, reserved 1081344K
  class space    used 3262K, committed 3392K, reserved 1048576K
}
Event: 11.732 GC heap after
{Heap after GC invocations=15 (full 0):
 garbage-first heap   total 91136K, used 43560K [0x00000000a1e00000, 0x0000000100000000)
  region size 1024K, 2 young (2048K), 2 survivors (2048K)
 Metaspace       used 29204K, committed 29568K, reserved 1081344K
  class space    used 3262K, committed 3392K, reserved 1048576K
}
Event: 12.480 GC heap before
{Heap before GC invocations=16 (full 0):
 garbage-first heap   total 91136K, used 73256K [0x00000000a1e00000, 0x0000000100000000)
  region size 1024K, 30 young (30720K), 2 survivors (2048K)
 Metaspace       used 33921K, committed 34304K, reserved 1081344K
  class space    used 3854K, committed 4032K, reserved 1048576K
}
Event: 12.492 GC heap after
{Heap after GC invocations=17 (full 0):
 garbage-first heap   total 91136K, used 47676K [0x00000000a1e00000, 0x0000000100000000)
  region size 1024K, 4 young (4096K), 4 survivors (4096K)
 Metaspace       used 33921K, committed 34304K, reserved 1081344K
  class space    used 3854K, committed 4032K, reserved 1048576K
}
Event: 13.086 GC heap before
{Heap before GC invocations=17 (full 0):
 garbage-first heap   total 91136K, used 59964K [0x00000000a1e00000, 0x0000000100000000)
  region size 1024K, 18 young (18432K), 4 survivors (4096K)
 Metaspace       used 35214K, committed 35648K, reserved 1081344K
  class space    used 4006K, committed 4224K, reserved 1048576K
}
Event: 13.096 GC heap after
{Heap after GC invocations=18 (full 0):
 garbage-first heap   total 91136K, used 48379K [0x00000000a1e00000, 0x0000000100000000)
  region size 1024K, 1 young (1024K), 1 survivors (1024K)
 Metaspace       used 35214K, committed 35648K, reserved 1081344K
  class space    used 4006K, committed 4224K, reserved 1048576K
}
Event: 13.104 GC heap before
{Heap before GC invocations=18 (full 0):
 garbage-first heap   total 91136K, used 73979K [0x00000000a1e00000, 0x0000000100000000)
  region size 1024K, 26 young (26624K), 1 survivors (1024K)
 Metaspace       used 35214K, committed 35648K, reserved 1081344K
  class space    used 4006K, committed 4224K, reserved 1048576K
}
Event: 13.106 GC heap after
{Heap after GC invocations=19 (full 0):
 garbage-first heap   total 91136K, used 49651K [0x00000000a1e00000, 0x0000000100000000)
  region size 1024K, 1 young (1024K), 1 survivors (1024K)
 Metaspace       used 35214K, committed 35648K, reserved 1081344K
  class space    used 4006K, committed 4224K, reserved 1048576K
}

